[16:42:05] [main/INFO] [GradleStart]: Extra: []
[16:42:05] [main/INFO] [GradleStart]: Found and added coremod: net.ilexiconn.llibrary.server.core.plugin.LLibraryPlugin
[16:42:05] [main/INFO] [GradleStart]: Found and added coremod: net.ilexiconn.llibrary.server.core.plugin.LLibraryPlugin
[16:42:05] [main/INFO] [GradleStart]: Running with arguments: [--userProperties, {}, --assetsDir, C:/Users/win7/.gradle/caches/minecraft/assets, --assetIndex, 1.12, --accessToken{REDACTED}, --version, 1.12.2, --tweakClass, net.minecraftforge.fml.common.launcher.FMLTweaker, --tweakClass, net.minecraftforge.gradle.tweakers.CoremodTweaker]
[16:42:05] [main/INFO] [LaunchWrapper]: Loading tweak class name net.minecraftforge.fml.common.launcher.FMLTweaker
[16:42:05] [main/INFO] [LaunchWrapper]: Using primary tweak class name net.minecraftforge.fml.common.launcher.FMLTweaker
[16:42:05] [main/INFO] [LaunchWrapper]: Loading tweak class name net.minecraftforge.gradle.tweakers.CoremodTweaker
[16:42:05] [main/INFO] [LaunchWrapper]: Calling tweak class net.minecraftforge.fml.common.launcher.FMLTweaker
[16:42:05] [main/INFO] [FML]: Forge Mod Loader version 14.23.5.2768 for Minecraft 1.12.2 loading
[16:42:05] [main/INFO] [FML]: Java is Java HotSpot(TM) 64-Bit Server VM, version 1.8.0_201, running on Windows 7:amd64:6.1, installed at C:\Program Files\Java\jdk1.8.0_201\jre
[16:42:05] [main/ERROR] [FML]: Apache Maven library folder was not in the format expected. Using default libraries directory.
[16:42:05] [main/ERROR] [FML]: Full: C:\Users\win7\.gradle\caches\modules-2\files-2.1\org.apache.maven\maven-artifact\3.5.3\7dc72b6d6d8a6dced3d294ed54c2cc3515ade9f4\maven-artifact-3.5.3.jar
[16:42:05] [main/ERROR] [FML]: Trimmed: c:/users/win7/.gradle/caches/modules-2/files-2.1/org.apache.maven/maven-artifact/3.5.3/
[16:42:05] [main/INFO] [FML]: Managed to load a deobfuscated Minecraft name- we are in a deobfuscated environment. Skipping runtime deobfuscation
[16:42:05] [main/INFO] [FML]: Detected deobfuscated environment, loading log configs for colored console logs.
[16:42:07] [main/INFO] [FML]: Ignoring missing certificate for coremod FMLCorePlugin (net.minecraftforge.fml.relauncher.FMLCorePlugin), we are in deobf and it's a forge core plugin
[16:42:07] [main/INFO] [FML]: Ignoring missing certificate for coremod FMLForgePlugin (net.minecraftforge.classloading.FMLForgePlugin), we are in deobf and it's a forge core plugin
[16:42:07] [main/INFO] [FML]: Found a command line coremod : net.ilexiconn.llibrary.server.core.plugin.LLibraryPlugin
[16:42:08] [main/ERROR] [FML]: The coremod net.ilexiconn.llibrary.server.core.plugin.LLibraryPlugin is requesting minecraft version 1.12 and minecraft is 1.12.2. It will be ignored.
[16:42:08] [main/INFO] [FML]: Searching C:\Users\win7\Desktop\MDK\dragonmounts2\dragonmounts2-1.12.2\.\mods for mods
[16:42:08] [main/INFO] [LaunchWrapper]: Calling tweak class net.minecraftforge.gradle.tweakers.CoremodTweaker
[16:42:08] [main/INFO] [GradleStart]: Injecting location in coremod net.minecraftforge.fml.relauncher.FMLCorePlugin
[16:42:08] [main/INFO] [GradleStart]: Injecting location in coremod net.minecraftforge.classloading.FMLForgePlugin
[16:42:08] [main/INFO] [LaunchWrapper]: Loading tweak class name net.minecraftforge.fml.common.launcher.FMLInjectionAndSortingTweaker
[16:42:08] [main/INFO] [LaunchWrapper]: Loading tweak class name net.minecraftforge.fml.common.launcher.FMLDeobfTweaker
[16:42:08] [main/INFO] [LaunchWrapper]: Loading tweak class name net.minecraftforge.gradle.tweakers.AccessTransformerTweaker
[16:42:08] [main/INFO] [LaunchWrapper]: Calling tweak class net.minecraftforge.fml.common.launcher.FMLInjectionAndSortingTweaker
[16:42:08] [main/INFO] [LaunchWrapper]: Calling tweak class net.minecraftforge.fml.common.launcher.FMLInjectionAndSortingTweaker
[16:42:08] [main/INFO] [LaunchWrapper]: Calling tweak class net.minecraftforge.fml.relauncher.CoreModManager$FMLPluginWrapper
[16:42:12] [main/ERROR] [FML]: FML appears to be missing any signature data. This is not a good thing
[16:42:12] [main/INFO] [LaunchWrapper]: Calling tweak class net.minecraftforge.fml.relauncher.CoreModManager$FMLPluginWrapper
[16:42:12] [main/INFO] [LaunchWrapper]: Calling tweak class net.minecraftforge.fml.common.launcher.FMLDeobfTweaker
[16:42:13] [main/INFO] [LaunchWrapper]: Calling tweak class net.minecraftforge.gradle.tweakers.AccessTransformerTweaker
[16:42:13] [main/INFO] [GradleStart]: Remapping AccessTransformer rules...
[16:42:13] [main/INFO] [LaunchWrapper]: Loading tweak class name net.minecraftforge.fml.common.launcher.TerminalTweaker
[16:42:13] [main/INFO] [LaunchWrapper]: Calling tweak class net.minecraftforge.fml.common.launcher.TerminalTweaker
[16:42:13] [main/INFO] [LaunchWrapper]: Launching wrapped minecraft {net.minecraft.client.main.Main}
[16:42:14] [main/INFO] [net.minecraft.client.Minecraft]: Setting user: Player660
[16:42:22] [main/INFO] [net.minecraft.client.Minecraft]: LWJGL Version: 2.9.4
[16:42:23] [main/INFO] [FML]: -- System Details --
Details:
	Minecraft Version: 1.12.2
	Operating System: Windows 7 (amd64) version 6.1
	Java Version: 1.8.0_201, Oracle Corporation
	Java VM Version: Java HotSpot(TM) 64-Bit Server VM (mixed mode), Oracle Corporation
	Memory: 387820880 bytes (369 MB) / 518520832 bytes (494 MB) up to 1720713216 bytes (1641 MB)
	JVM Flags: 0 total; 
	IntCache: cache: 0, tcache: 0, allocated: 0, tallocated: 0
	FML: 
	Loaded coremods (and transformers): 
	GL info: ' Vendor: 'ATI Technologies Inc.' Version: '4.5.13399 Compatibility Profile Context 15.200.1062.1004' Renderer: 'AMD Radeon HD 8470D'
[16:42:23] [main/INFO] [FML]: MinecraftForge v14.23.5.2768 Initialized
[16:42:23] [main/INFO] [FML]: Starts to replace vanilla recipe ingredients with ore ingredients.
[16:42:24] [main/INFO] [FML]: Replaced 1036 ore ingredients
[16:42:24] [main/INFO] [FML]: Searching C:\Users\win7\Desktop\MDK\dragonmounts2\dragonmounts2-1.12.2\.\mods for mods
[16:42:24] [main/ERROR] [FML]: The mcmod.info file in com.TheRPGAdventurer.ROTD.dragonmounts2-1.12.2.main cannot be parsed as valid JSON. It will be ignored
com.google.gson.JsonSyntaxException: com.google.gson.stream.MalformedJsonException: Unterminated object at line 32 column 4 path $[0].credits
	at com.google.gson.internal.Streams.parse(Streams.java:60) ~[Streams.class:?]
	at com.google.gson.JsonParser.parse(JsonParser.java:84) ~[JsonParser.class:?]
	at com.google.gson.JsonParser.parse(JsonParser.java:59) ~[JsonParser.class:?]
	at net.minecraftforge.fml.common.MetadataCollection.from(MetadataCollection.java:63) [MetadataCollection.class:?]
	at net.minecraftforge.fml.common.discovery.DirectoryDiscoverer.exploreFileSystem(DirectoryDiscoverer.java:80) [DirectoryDiscoverer.class:?]
	at net.minecraftforge.fml.common.discovery.DirectoryDiscoverer.discover(DirectoryDiscoverer.java:62) [DirectoryDiscoverer.class:?]
	at net.minecraftforge.fml.common.discovery.ContainerType.findMods(ContainerType.java:47) [ContainerType.class:?]
	at net.minecraftforge.fml.common.discovery.ModCandidate.explore(ModCandidate.java:74) [ModCandidate.class:?]
	at net.minecraftforge.fml.common.discovery.ModDiscoverer.identifyMods(ModDiscoverer.java:93) [ModDiscoverer.class:?]
	at net.minecraftforge.fml.common.Loader.identifyMods(Loader.java:425) [Loader.class:?]
	at net.minecraftforge.fml.common.Loader.loadMods(Loader.java:566) [Loader.class:?]
	at net.minecraftforge.fml.client.FMLClientHandler.beginMinecraftLoading(FMLClientHandler.java:232) [FMLClientHandler.class:?]
	at net.minecraft.client.Minecraft.init(Minecraft.java:508) [Minecraft.class:?]
	at net.minecraft.client.Minecraft.run(Minecraft.java:416) [Minecraft.class:?]
	at net.minecraft.client.main.Main.main(Main.java:118) [Main.class:?]
	at sun.reflect.NativeMethodAccessorImpl.invoke0(Native Method) ~[?:1.8.0_201]
	at sun.reflect.NativeMethodAccessorImpl.invoke(NativeMethodAccessorImpl.java:62) ~[?:1.8.0_201]
	at sun.reflect.DelegatingMethodAccessorImpl.invoke(DelegatingMethodAccessorImpl.java:43) ~[?:1.8.0_201]
	at java.lang.reflect.Method.invoke(Method.java:498) ~[?:1.8.0_201]
	at net.minecraft.launchwrapper.Launch.launch(Launch.java:135) [launchwrapper-1.12.jar:?]
	at net.minecraft.launchwrapper.Launch.main(Launch.java:28) [launchwrapper-1.12.jar:?]
	at sun.reflect.NativeMethodAccessorImpl.invoke0(Native Method) ~[?:1.8.0_201]
	at sun.reflect.NativeMethodAccessorImpl.invoke(NativeMethodAccessorImpl.java:62) ~[?:1.8.0_201]
	at sun.reflect.DelegatingMethodAccessorImpl.invoke(DelegatingMethodAccessorImpl.java:43) ~[?:1.8.0_201]
	at java.lang.reflect.Method.invoke(Method.java:498) ~[?:1.8.0_201]
	at net.minecraftforge.gradle.GradleStartCommon.launch(GradleStartCommon.java:97) [start/:?]
	at GradleStart.main(GradleStart.java:25) [start/:?]
Caused by: com.google.gson.stream.MalformedJsonException: Unterminated object at line 32 column 4 path $[0].credits
	at com.google.gson.stream.JsonReader.syntaxError(JsonReader.java:1559) ~[JsonReader.class:?]
	at com.google.gson.stream.JsonReader.doPeek(JsonReader.java:491) ~[JsonReader.class:?]
	at com.google.gson.stream.JsonReader.hasNext(JsonReader.java:414) ~[JsonReader.class:?]
	at com.google.gson.internal.bind.TypeAdapters$29.read(TypeAdapters.java:738) ~[TypeAdapters$29.class:?]
	at com.google.gson.internal.bind.TypeAdapters$29.read(TypeAdapters.java:731) ~[TypeAdapters$29.class:?]
	at com.google.gson.internal.bind.TypeAdapters$29.read(TypeAdapters.java:714) ~[TypeAdapters$29.class:?]
	at com.google.gson.internal.Streams.parse(Streams.java:48) ~[Streams.class:?]
	... 26 more
[16:42:27] [main/FATAL] [FML]: Found a duplicate mod llibrary at [C:\Users\win7\Desktop\MDK\dragonmounts2\dragonmounts2-1.12.2\libs\llibrary-1.7.9-1.12-dev.jar, C:\Users\win7\.gradle\caches\minecraft\deobfedDeps\deobf\net\ilexiconn\llibrary\1.7.14-1.12.2\llibrary-1.7.14-1.12.2.jar]
[16:42:27] [main/ERROR] [FML]: An exception was thrown, the game will display an error screen and halt.
net.minecraftforge.fml.common.DuplicateModsFoundException: 
Duplicate Mods:
	llibrary : C:\Users\win7\Desktop\MDK\dragonmounts2\dragonmounts2-1.12.2\libs\llibrary-1.7.9-1.12-dev.jar
	llibrary : C:\Users\win7\.gradle\caches\minecraft\deobfedDeps\deobf\net\ilexiconn\llibrary\1.7.14-1.12.2\llibrary-1.7.14-1.12.2.jar


	at net.minecraftforge.fml.common.Loader.identifyDuplicates(Loader.java:464) ~[Loader.class:?]
	at net.minecraftforge.fml.common.Loader.identifyMods(Loader.java:426) ~[Loader.class:?]
	at net.minecraftforge.fml.common.Loader.loadMods(Loader.java:566) ~[Loader.class:?]
	at net.minecraftforge.fml.client.FMLClientHandler.beginMinecraftLoading(FMLClientHandler.java:232) [FMLClientHandler.class:?]
	at net.minecraft.client.Minecraft.init(Minecraft.java:508) [Minecraft.class:?]
	at net.minecraft.client.Minecraft.run(Minecraft.java:416) [Minecraft.class:?]
	at net.minecraft.client.main.Main.main(Main.java:118) [Main.class:?]
	at sun.reflect.NativeMethodAccessorImpl.invoke0(Native Method) ~[?:1.8.0_201]
	at sun.reflect.NativeMethodAccessorImpl.invoke(NativeMethodAccessorImpl.java:62) ~[?:1.8.0_201]
	at sun.reflect.DelegatingMethodAccessorImpl.invoke(DelegatingMethodAccessorImpl.java:43) ~[?:1.8.0_201]
	at java.lang.reflect.Method.invoke(Method.java:498) ~[?:1.8.0_201]
	at net.minecraft.launchwrapper.Launch.launch(Launch.java:135) [launchwrapper-1.12.jar:?]
	at net.minecraft.launchwrapper.Launch.main(Launch.java:28) [launchwrapper-1.12.jar:?]
	at sun.reflect.NativeMethodAccessorImpl.invoke0(Native Method) ~[?:1.8.0_201]
	at sun.reflect.NativeMethodAccessorImpl.invoke(NativeMethodAccessorImpl.java:62) ~[?:1.8.0_201]
	at sun.reflect.DelegatingMethodAccessorImpl.invoke(DelegatingMethodAccessorImpl.java:43) ~[?:1.8.0_201]
	at java.lang.reflect.Method.invoke(Method.java:498) ~[?:1.8.0_201]
	at net.minecraftforge.gradle.GradleStartCommon.launch(GradleStartCommon.java:97) [start/:?]
	at GradleStart.main(GradleStart.java:25) [start/:?]
[16:42:27] [main/WARN] [FML]: EventBus 0 shutting down - future events will not be posted.
[16:42:27] [main/INFO] [net.minecraft.client.resources.SimpleReloadableResourceManager]: Reloading ResourceManager: Default
[16:42:29] [main/WARN] [FML]: There were errors previously. Not beginning mod initialization phase
[16:42:30] [Thread-3/INFO] [FML]: Using alternative sync timing : 200 frames of Display.update took 1126812793 nanos
[16:42:37] [Sound Library Loader/INFO] [net.minecraft.client.audio.SoundManager]: Starting up SoundSystem...
[16:42:38] [Thread-5/INFO] [net.minecraft.client.audio.SoundManager]: Initializing LWJGL OpenAL
[16:42:38] [Thread-5/INFO] [net.minecraft.client.audio.SoundManager]: (The LWJGL binding of OpenAL.  For more information, see http://www.lwjgl.org)
[16:42:38] [Thread-5/INFO] [net.minecraft.client.audio.SoundManager]: OpenAL initialized.
[16:42:38] [Sound Library Loader/INFO] [net.minecraft.client.audio.SoundManager]: Sound engine started
[16:42:40] [main/INFO] [com.mojang.text2speech.NarratorWindows]: Narrator library for x64 successfully loaded
[16:42:43] [Realms Notification Availability checker #1/INFO] [com.mojang.realmsclient.client.RealmsClient]: Could not authorize you against Realms server: Invalid session id
[16:43:52] [main/INFO] [net.minecraft.client.Minecraft]: Stopping!
[16:43:52] [main/INFO] [net.minecraft.client.audio.SoundManager]: SoundSystem shutting down...
[16:43:52] [main/WARN] [net.minecraft.client.audio.SoundManager]: Author: Paul Lamb, www.paulscode.com
